[server_b] Starting on port 5002...
[server_b] Role: standby
[server_b] Peer: http://127.0.0.1:5001
[server_b] Heartbeat thread started
 * Serving Flask app 'app'
 * Debug mode: off
WARNING: This is a development server. Do not use it in a production deployment. Use a production WSGI server instead.
 * Running on all addresses (0.0.0.0)
 * Running on http://127.0.0.1:5002
 * Running on http://192.168.1.5:5002
Press CTRL+C to quit
127.0.0.1 - - [02/Jun/2026 22:35:53] "GET /status HTTP/1.1" 200 -
[2026-06-02 22:35:53,897] ERROR in app: Exception on /init [POST]
Traceback (most recent call last):
  File "C:\Users\Arjun\AppData\Local\Programs\Python\Python313\Lib\site-packages\flask\app.py", line 1511, in wsgi_app
    response = self.full_dispatch_request()
  File "C:\Users\Arjun\AppData\Local\Programs\Python\Python313\Lib\site-packages\flask\app.py", line 919, in full_dispatch_request
    rv = self.handle_user_exception(e)
  File "C:\Users\Arjun\AppData\Local\Programs\Python\Python313\Lib\site-packages\flask\app.py", line 917, in full_dispatch_request
    rv = self.dispatch_request()
  File "C:\Users\Arjun\AppData\Local\Programs\Python\Python313\Lib\site-packages\flask\app.py", line 902, in dispatch_request
    return self.ensure_sync(self.view_functions[rule.endpoint])(**view_args)  # type: ignore[no-any-return]
           ~~~~~~~~~~~~~~~~~~~~~~~~~~~~~~~~~~~~~~~~~~~~~~~~~~~~^^^^^^^^^^^^^
  File "C:\projects\v\HYDRA\server_b\app.py", line 358, in init
    audit.append(SHARE_ISSUED, {
    ~~~~~~~~~~~~^^^^^^^^^^^^^^^^
        "recipient": SERVER_ID,
        ^^^^^^^^^^^^^^^^^^^^^^^
        "share_x":   share[0],
        ^^^^^^^^^^^^^^^^^^^^^^
        "epoch":     epoch,
        ^^^^^^^^^^^^^^^^^^^
    })
    ^^
  File "C:\projects\v\HYDRA\core\audit.py", line 214, in append
    self._save()
    ~~~~~~~~~~^^
  File "C:\projects\v\HYDRA\core\audit.py", line 154, in _save
    os.replace(tmp_path, self.log_path)
    ~~~~~~~~~~^^^^^^^^^^^^^^^^^^^^^^^^^
PermissionError: [WinError 5] Access is denied: 'C:\\projects\\v\\HYDRA\\server_b\\audit_b.json.tmp' -> 'C:\\projects\\v\\HYDRA\\server_b\\audit_b.json'
127.0.0.1 - - [02/Jun/2026 22:35:53] "POST /init HTTP/1.1" 500 -
